c:\source\ewocvj2\ewocvj2\x64\debug\program.obj
c:\source\ewocvj2\ewocvj2\x64\debug\osc.obj
c:\source\ewocvj2\ewocvj2\x64\debug\node.obj
c:\source\ewocvj2\ewocvj2\x64\debug\loopstation.obj
c:\source\ewocvj2\ewocvj2\x64\debug\rtmidi.obj
c:\source\ewocvj2\ewocvj2\x64\debug\mixer.obj
c:\source\ewocvj2\ewocvj2\x64\debug\start.obj
c:\source\ewocvj2\ewocvj2\x64\debug\vc142.pdb
c:\source\ewocvj2\ewocvj2\x64\debug\vc142.idb
c:\source\ewocvj2\ewocvj2\x64\debug\tinyfiledialogs.obj
c:\source\ewocvj2\ewocvj2\x64\debug\bins.obj
c:\source\ewocvj2\ewocvj2\x64\debug\vcpkg.applocal.log
c:\source\ewocvj2\ewocvj2\x64\debug\devil.dll
c:\source\ewocvj2\ewocvj2\x64\debug\libpng16d.dll
c:\source\ewocvj2\ewocvj2\x64\debug\zlibd1.dll
c:\source\ewocvj2\ewocvj2\x64\debug\jpeg62.dll
c:\source\ewocvj2\ewocvj2\x64\debug\tiffd.dll
c:\source\ewocvj2\ewocvj2\x64\debug\lzma.dll
c:\source\ewocvj2\ewocvj2\x64\debug\jasper.dll
c:\source\ewocvj2\ewocvj2\x64\debug\freetyped.dll
c:\source\ewocvj2\ewocvj2\x64\debug\bz2d.dll
c:\source\ewocvj2\ewocvj2\x64\debug\glew32d.dll
c:\source\ewocvj2\ewocvj2\x64\debug\lo.dll
c:\source\ewocvj2\ewocvj2\x64\debug\openal32.dll
c:\source\ewocvj2\ewocvj2\x64\debug\sdl2d.dll
c:\source\ewocvj2\ewocvj2\x64\debug\snappyd.dll
c:\source\ewocvj2\ewocvj2\x64\debug\ewocvj2.exe
c:\source\ewocvj2\ewocvj2\x64\debug\ewocvj2.ilk
c:\source\ewocvj2\ewocvj2\x64\debug\ewocvj2.pdb
c:\source\ewocvj2\ewocvj2\x64\debug\ewocvj2.res
c:\source\ewocvj2\ewocvj2\x64\debug\ewocvj2.tlog\cl.command.1.tlog
c:\source\ewocvj2\ewocvj2\x64\debug\ewocvj2.tlog\cl.read.1.tlog
c:\source\ewocvj2\ewocvj2\x64\debug\ewocvj2.tlog\cl.write.1.tlog
c:\source\ewocvj2\ewocvj2\x64\debug\ewocvj2.tlog\ewocvj2.write.1u.tlog
c:\source\ewocvj2\ewocvj2\x64\debug\ewocvj2.tlog\link.command.1.tlog
c:\source\ewocvj2\ewocvj2\x64\debug\ewocvj2.tlog\link.read.1.tlog
c:\source\ewocvj2\ewocvj2\x64\debug\ewocvj2.tlog\link.write.1.tlog
c:\source\ewocvj2\ewocvj2\x64\debug\ewocvj2.tlog\rc.command.1.tlog
c:\source\ewocvj2\ewocvj2\x64\debug\ewocvj2.tlog\rc.read.1.tlog
c:\source\ewocvj2\ewocvj2\x64\debug\ewocvj2.tlog\rc.write.1.tlog
