  mixer.cpp
C:\source\EWOCvj2\src\layer.h(68,22): warning C4305:  'initializing': truncation from 'int' to 'bool'
C:\source\EWOCvj2\src\program.h(5,10): warning C4067:  unexpected tokens following preprocessor directive - expected a newline
C:\source\vcpkg\installed\x64-windows\include\lo\lo_cpp.h(547,18): warning C4834:  discarding return value of function with 'nodiscard' attribute
C:\source\EWOCvj2\src\mixer.cpp(60,28): warning C4244:  '=': conversion from 'int' to 'float', possible loss of data
C:\source\EWOCvj2\src\mixer.cpp(82,40): warning C4305:  '=': truncation from 'double' to 'float'
C:\source\EWOCvj2\src\mixer.cpp(93,40): warning C4305:  '=': truncation from 'double' to 'float'
C:\source\EWOCvj2\src\mixer.cpp(150,28): warning C4305:  '=': truncation from 'double' to 'float'
C:\source\EWOCvj2\src\mixer.cpp(151,28): warning C4305:  '=': truncation from 'double' to 'float'
C:\source\EWOCvj2\src\mixer.cpp(152,28): warning C4305:  '=': truncation from 'double' to 'float'
C:\source\EWOCvj2\src\mixer.cpp(172,38): warning C4305:  'initializing': truncation from 'double' to 'float'
C:\source\EWOCvj2\src\mixer.cpp(177,34): warning C4244:  '=': conversion from 'float' to 'int', possible loss of data
C:\source\EWOCvj2\src\mixer.cpp(178,18): warning C4244:  '=': conversion from 'float' to 'int', possible loss of data
C:\source\EWOCvj2\src\mixer.cpp(181,52): warning C4267:  'initializing': conversion from 'size_t' to 'int', possible loss of data
C:\source\EWOCvj2\src\mixer.cpp(201,61): warning C4267:  '=': conversion from 'size_t' to 'int', possible loss of data
C:\source\EWOCvj2\src\mixer.cpp(1876,26): warning C4267:  'initializing': conversion from 'size_t' to 'int', possible loss of data
C:\source\EWOCvj2\src\mixer.cpp(1988,74): warning C4244:  'argument': conversion from 'float' to 'GLsizei', possible loss of data
C:\source\EWOCvj2\src\mixer.cpp(1988,57): warning C4244:  'argument': conversion from 'float' to 'GLsizei', possible loss of data
C:\source\EWOCvj2\src\mixer.cpp(1991,75): warning C4244:  'argument': conversion from 'float' to 'GLsizei', possible loss of data
C:\source\EWOCvj2\src\mixer.cpp(1991,57): warning C4244:  'argument': conversion from 'float' to 'GLsizei', possible loss of data
C:\source\EWOCvj2\src\mixer.cpp(2005,74): warning C4244:  'argument': conversion from 'float' to 'GLsizei', possible loss of data
C:\source\EWOCvj2\src\mixer.cpp(2005,57): warning C4244:  'argument': conversion from 'float' to 'GLsizei', possible loss of data
C:\source\EWOCvj2\src\mixer.cpp(2008,75): warning C4244:  'argument': conversion from 'float' to 'GLsizei', possible loss of data
C:\source\EWOCvj2\src\mixer.cpp(2008,57): warning C4244:  'argument': conversion from 'float' to 'GLsizei', possible loss of data
C:\source\EWOCvj2\src\mixer.cpp(2022,74): warning C4244:  'argument': conversion from 'float' to 'GLsizei', possible loss of data
C:\source\EWOCvj2\src\mixer.cpp(2022,57): warning C4244:  'argument': conversion from 'float' to 'GLsizei', possible loss of data
C:\source\EWOCvj2\src\mixer.cpp(2025,75): warning C4244:  'argument': conversion from 'float' to 'GLsizei', possible loss of data
C:\source\EWOCvj2\src\mixer.cpp(2025,57): warning C4244:  'argument': conversion from 'float' to 'GLsizei', possible loss of data
C:\source\EWOCvj2\src\mixer.cpp(2084,35): warning C4305:  '=': truncation from 'double' to 'float'
C:\source\EWOCvj2\src\mixer.cpp(2096,37): warning C4305:  '=': truncation from 'double' to 'float'
C:\source\EWOCvj2\src\mixer.cpp(2108,36): warning C4305:  '=': truncation from 'double' to 'float'
C:\source\EWOCvj2\src\mixer.cpp(2242,8): warning C4244:  'initializing': conversion from 'float' to 'int', possible loss of data
C:\source\EWOCvj2\src\mixer.cpp(2243,8): warning C4244:  'initializing': conversion from 'float' to 'int', possible loss of data
C:\source\EWOCvj2\src\mixer.cpp(2246,37): warning C4244:  '=': conversion from 'float' to 'int', possible loss of data
C:\source\EWOCvj2\src\mixer.cpp(2247,8): warning C4244:  '=': conversion from 'float' to 'int', possible loss of data
C:\source\EWOCvj2\src\mixer.cpp(2250,37): warning C4244:  '=': conversion from 'float' to 'int', possible loss of data
C:\source\EWOCvj2\src\mixer.cpp(2251,8): warning C4244:  '=': conversion from 'float' to 'int', possible loss of data
C:\source\EWOCvj2\src\mixer.cpp(2256,37): warning C4244:  '=': conversion from 'float' to 'int', possible loss of data
C:\source\EWOCvj2\src\mixer.cpp(2257,8): warning C4244:  '=': conversion from 'float' to 'int', possible loss of data
C:\source\EWOCvj2\src\mixer.cpp(2260,37): warning C4244:  '=': conversion from 'float' to 'int', possible loss of data
C:\source\EWOCvj2\src\mixer.cpp(2261,8): warning C4244:  '=': conversion from 'float' to 'int', possible loss of data
C:\source\EWOCvj2\src\mixer.cpp(2377,31): warning C4244:  '=': conversion from 'float' to 'int', possible loss of data
C:\source\EWOCvj2\src\mixer.cpp(2492,47): warning C4267:  '=': conversion from 'size_t' to 'int', possible loss of data
C:\source\EWOCvj2\src\mixer.cpp(2500,59): warning C4267:  '=': conversion from 'size_t' to 'int', possible loss of data
C:\source\EWOCvj2\src\mixer.cpp(2524,10): warning C4244:  'initializing': conversion from '__int64' to 'int', possible loss of data
C:\source\EWOCvj2\src\mixer.cpp(2554,33): warning C4267:  '=': conversion from 'size_t' to 'int', possible loss of data
C:\source\EWOCvj2\src\mixer.cpp(3636,73): warning C4244:  'argument': conversion from 'float' to 'GLsizei', possible loss of data
C:\source\EWOCvj2\src\mixer.cpp(3636,56): warning C4244:  'argument': conversion from 'float' to 'GLsizei', possible loss of data
C:\source\EWOCvj2\src\mixer.cpp(3638,73): warning C4244:  'argument': conversion from 'float' to 'GLsizei', possible loss of data
C:\source\EWOCvj2\src\mixer.cpp(3638,56): warning C4244:  'argument': conversion from 'float' to 'GLsizei', possible loss of data
C:\source\EWOCvj2\src\mixer.cpp(3658,74): warning C4244:  'argument': conversion from 'float' to 'GLsizei', possible loss of data
C:\source\EWOCvj2\src\mixer.cpp(3658,56): warning C4244:  'argument': conversion from 'float' to 'GLsizei', possible loss of data
C:\source\EWOCvj2\src\mixer.cpp(3660,73): warning C4244:  'argument': conversion from 'float' to 'GLsizei', possible loss of data
C:\source\EWOCvj2\src\mixer.cpp(3660,56): warning C4244:  'argument': conversion from 'float' to 'GLsizei', possible loss of data
C:\source\EWOCvj2\src\mixer.cpp(3672,75): warning C4244:  'argument': conversion from 'float' to 'GLsizei', possible loss of data
C:\source\EWOCvj2\src\mixer.cpp(3672,57): warning C4244:  'argument': conversion from 'float' to 'GLsizei', possible loss of data
C:\source\EWOCvj2\src\mixer.cpp(3685,74): warning C4244:  'argument': conversion from 'float' to 'GLsizei', possible loss of data
C:\source\EWOCvj2\src\mixer.cpp(3685,57): warning C4244:  'argument': conversion from 'float' to 'GLsizei', possible loss of data
C:\source\EWOCvj2\src\mixer.cpp(3781,16): warning C4244:  'initializing': conversion from 'GLint' to 'GLfloat', possible loss of data
C:\source\EWOCvj2\src\mixer.cpp(3782,17): warning C4244:  'argument': conversion from 'GLfloat' to 'GLint', possible loss of data
C:\source\EWOCvj2\src\mixer.cpp(3796,16): warning C4244:  'initializing': conversion from 'GLint' to 'GLfloat', possible loss of data
C:\source\EWOCvj2\src\mixer.cpp(3797,17): warning C4244:  'argument': conversion from 'GLfloat' to 'GLint', possible loss of data
C:\source\EWOCvj2\src\mixer.cpp(3872,65): warning C4267:  '=': conversion from 'size_t' to 'int', possible loss of data
C:\source\EWOCvj2\src\mixer.cpp(3873,60): warning C4267:  '=': conversion from 'size_t' to 'int', possible loss of data
C:\source\EWOCvj2\src\mixer.cpp(3855,7): warning C4101:  'deck': unreferenced local variable
C:\source\EWOCvj2\src\mixer.cpp(3936,63): warning C4267:  '=': conversion from 'size_t' to 'int', possible loss of data
C:\source\EWOCvj2\src\mixer.cpp(3937,58): warning C4267:  '=': conversion from 'size_t' to 'int', possible loss of data
C:\source\EWOCvj2\src\mixer.cpp(4117,34): warning C4244:  '=': conversion from 'int' to 'float', possible loss of data
C:\source\EWOCvj2\src\mixer.cpp(4128,34): warning C4244:  '=': conversion from 'int' to 'float', possible loss of data
C:\source\EWOCvj2\src\mixer.cpp(4546,28): warning C4267:  'initializing': conversion from 'size_t' to 'int', possible loss of data
C:\source\EWOCvj2\src\mixer.cpp(4579,27): warning C4244:  '=': conversion from 'float' to 'int', possible loss of data
C:\source\EWOCvj2\src\mixer.cpp(4662,44): warning C4244:  '=': conversion from 'float' to 'int', possible loss of data
C:\source\EWOCvj2\src\mixer.cpp(4572,20): warning C4101:  'y': unreferenced local variable
C:\source\EWOCvj2\src\mixer.cpp(4572,17): warning C4101:  'x': unreferenced local variable
C:\source\EWOCvj2\src\mixer.cpp(4572,9): warning C4101:  'i': unreferenced local variable
C:\source\EWOCvj2\src\mixer.cpp(4573,14): warning C4101:  'frame': unreferenced local variable
C:\source\EWOCvj2\src\mixer.cpp(4718,32): warning C4244:  'argument': conversion from 'float' to 'GLsizei', possible loss of data
  EWOCvj2.vcxproj -> C:\source\EWOCvj2\EWOCvj2\x64\Debug\EWOCvj2.exe
